<html>
<head>
<title>TestNG:  Surefire test</title>
<link href="../testng.css" rel="stylesheet" type="text/css" />
<link href="../my-testng.css" rel="stylesheet" type="text/css" />

<style type="text/css">
.log { display: none;} 
.stack-trace { display: none;} 
</style>
<script type="text/javascript">
<!--
function flip(e) {
  current = e.style.display;
  if (current == 'block') {
    e.style.display = 'none';
    return 0;
  }
  else {
    e.style.display = 'block';
    return 1;
  }
}

function toggleBox(szDivId, elem, msg1, msg2)
{
  var res = -1;  if (document.getElementById) {
    res = flip(document.getElementById(szDivId));
  }
  else if (document.all) {
    // this is the way old msie versions work
    res = flip(document.all[szDivId]);
  }
  if(elem) {
    if(res == 0) elem.innerHTML = msg1; else elem.innerHTML = msg2;
  }

}

function toggleAllBoxes() {
  if (document.getElementsByTagName) {
    d = document.getElementsByTagName('div');
    for (i = 0; i < d.length; i++) {
      if (d[i].className == 'log') {
        flip(d[i]);
      }
    }
  }
}

// -->
</script>

</head>
<body>
<h2 align='center'>Surefire test</h2><table border='1' align="center">
<tr>
<td>Tests passed/Failed/Skipped:</td><td>11/4/0</td>
</tr><tr>
<td>Started on:</td><td>Wed Dec 07 21:31:22 EET 2022</td>
</tr>
<tr><td>Total time:</td><td>111 seconds (111690 ms)</td>
</tr><tr>
<td>Included groups:</td><td></td>
</tr><tr>
<td>Excluded groups:</td><td></td>
</tr>
</table><p/>
<small><i>(Hover the method name to see the test class name)</i></small><p/>
<table width='100%' border='1' class='invocation-failed'>
<tr><td colspan='4' align='center'><b>FAILED TESTS</b></td></tr>
<tr><td><b>Test method</b></td>
<td><b>Attribute(s)</b></td>
<td width="30%"><b>Exception</b></td>
<td width="10%"><b>Time (seconds)</b></td>
<td><b>Instance</b></td>
</tr>
<tr>
<td title='org.example.runners.runners.runScenario()'><b>runScenario</b><br>Test class: org.example.runners.runners<br>Test method: Runs Cucumber Scenarios<br>Parameters: "user clicks on first clickable slider nokia lumia", "F06_HomeSliders | user could click on any clickable slider"</td>
<td><div><pre>java.lang.AssertionError: expected [https://demo.nopcommerce.com/nokia-lumia-1020] but found [https://demo.nopcommerce.com/]
	at org.example.stepDefs.D06_homeSlidersStepDef.verifyThatUserHasNavigatedToNokiaLumiaPage(D06_homeSlidersStepDef.java:22)
	at ✽.verify that user has navigated to nokia lumia page(file:///C:/Users/VISION/IdeaProjects/demo_nopcommerce/src/main/resources/features/F06_homeSliders.feature:5)
... Removed 6 stack frames</pre></div><a href='#' onClick='toggleBox("stack-trace1838584624", this, "Click to show all stack frames", "Click to hide stack frames")'>Click to show all stack frames</a>
<div class='stack-trace' id='stack-trace1838584624'><pre>java.lang.AssertionError: expected [https://demo.nopcommerce.com/nokia-lumia-1020] but found [https://demo.nopcommerce.com/]
	at org.testng.Assert.fail(Assert.java:110)
	at org.testng.Assert.failNotEquals(Assert.java:1413)
	at org.testng.Assert.assertEqualsImpl(Assert.java:149)
	at org.testng.Assert.assertEquals(Assert.java:131)
	at org.testng.Assert.assertEquals(Assert.java:655)
	at org.testng.Assert.assertEquals(Assert.java:665)
	at org.example.stepDefs.D06_homeSlidersStepDef.verifyThatUserHasNavigatedToNokiaLumiaPage(D06_homeSlidersStepDef.java:22)
	at ✽.verify that user has navigated to nokia lumia page(file:///C:/Users/VISION/IdeaProjects/demo_nopcommerce/src/main/resources/features/F06_homeSliders.feature:5)
</pre></div></td>
<td>4</td>
<td>org.example.runners.runners@1f3f4916</td></tr>
<tr>
<td title='org.example.runners.runners.runScenario()'><b>runScenario</b><br>Test class: org.example.runners.runners<br>Test method: Runs Cucumber Scenarios<br>Parameters: "guest user could register with valid data successfully", "F01_Register | users could register with new accounts"</td>
<td><div><pre>org.openqa.selenium.NoSuchElementException: no such element: Unable to locate element: {&quot;method&quot;:&quot;css selector&quot;,&quot;selector&quot;:&quot;.result&quot;}
  (Session info: chrome=108.0.5359.95)
For documentation on this error, please visit: https://selenium.dev/exceptions/#no_such_element
Build info: version: &apos;4.6.0&apos;, revision: &apos;79f1c02ae20&apos;
System info: os.name: &apos;Windows 10&apos;, os.arch: &apos;amd64&apos;, os.version: &apos;10.0&apos;, java.version: &apos;19&apos;
Driver info: org.openqa.selenium.chrome.ChromeDriver
Command: [ac465f51edd79fcbe4e1b8f407cca8e5, findElement {using=class name, value=result}]
Capabilities {acceptInsecureCerts: false, browserName: chrome, browserVersion: 108.0.5359.95, chrome: {chromedriverVersion: 108.0.5359.71 (1e0e3868ee06..., userDataDir: C:\Users\VISION\AppData\Loc...}, goog:chromeOptions: {debuggerAddress: localhost:61094}, networkConnectionEnabled: false, pageLoadStrategy: normal, platformName: WINDOWS, proxy: Proxy(), se:cdp: ws://localhost:61094/devtoo..., se:cdpVersion: 108.0.5359.95, setWindowRect: true, strictFileInteractability: false, timeouts: {implicit: 0, pageLoad: 300000, script: 30000}, unhandledPromptBehavior: dismiss and notify, webauthn:extension:credBlob: true, webauthn:extension:largeBlob: true, webauthn:virtualAuthenticators: true}
Session ID: ac465f51edd79fcbe4e1b8f407cca8e5
	at org.openqa.selenium.remote.codec.w3c.W3CHttpResponseCodec.createException(W3CHttpResponseCodec.java:200)
	at org.openqa.selenium.remote.codec.w3c.W3CHttpResponseCodec.decode(W3CHttpResponseCodec.java:133)
	at org.openqa.selenium.remote.codec.w3c.W3CHttpResponseCodec.decode(W3CHttpResponseCodec.java:53)
	at org.openqa.selenium.remote.HttpCommandExecutor.execute(HttpCommandExecutor.java:184)
	at org.openqa.selenium.remote.service.DriverCommandExecutor.invokeExecute(DriverCommandExecutor.java:167)
	at org.openqa.selenium.remote.service.DriverCommandExecutor.execute(DriverCommandExecutor.java:142)
	at org.openqa.selenium.remote.RemoteWebDriver.execute(RemoteWebDriver.java:541)
	at org.openqa.selenium.remote.ElementLocation$ElementFinder$2.findElement(ElementLocation.java:162)
	at org.openqa.selenium.remote.ElementLocation.findElement(ElementLocation.java:66)
	at org.openqa.selenium.remote.RemoteWebDriver.findElement(RemoteWebDriver.java:365)
	at org.openqa.selenium.remote.RemoteWebDriver.findElement(RemoteWebDriver.java:357)
	at org.example.pages.P01_register.displaymsg(P01_register.java:46)
	at org.example.stepDefs.D01_registerStepDef.successMessageIsDisplayed(D01_registerStepDef.java:69)
	at ✽.success message is displayed(file:///C:/Users/VISION/IdeaProjects/demo_nopcommerce/src/main/resources/features/F01_Registeration.feature:11)
... Removed 3 stack frames</pre></div><a href='#' onClick='toggleBox("stack-trace1085041526", this, "Click to show all stack frames", "Click to hide stack frames")'>Click to show all stack frames</a>
<div class='stack-trace' id='stack-trace1085041526'><pre>org.openqa.selenium.NoSuchElementException: no such element: Unable to locate element: {&quot;method&quot;:&quot;css selector&quot;,&quot;selector&quot;:&quot;.result&quot;}
  (Session info: chrome=108.0.5359.95)
For documentation on this error, please visit: https://selenium.dev/exceptions/#no_such_element
Build info: version: &apos;4.6.0&apos;, revision: &apos;79f1c02ae20&apos;
System info: os.name: &apos;Windows 10&apos;, os.arch: &apos;amd64&apos;, os.version: &apos;10.0&apos;, java.version: &apos;19&apos;
Driver info: org.openqa.selenium.chrome.ChromeDriver
Command: [ac465f51edd79fcbe4e1b8f407cca8e5, findElement {using=class name, value=result}]
Capabilities {acceptInsecureCerts: false, browserName: chrome, browserVersion: 108.0.5359.95, chrome: {chromedriverVersion: 108.0.5359.71 (1e0e3868ee06..., userDataDir: C:\Users\VISION\AppData\Loc...}, goog:chromeOptions: {debuggerAddress: localhost:61094}, networkConnectionEnabled: false, pageLoadStrategy: normal, platformName: WINDOWS, proxy: Proxy(), se:cdp: ws://localhost:61094/devtoo..., se:cdpVersion: 108.0.5359.95, setWindowRect: true, strictFileInteractability: false, timeouts: {implicit: 0, pageLoad: 300000, script: 30000}, unhandledPromptBehavior: dismiss and notify, webauthn:extension:credBlob: true, webauthn:extension:largeBlob: true, webauthn:virtualAuthenticators: true}
Session ID: ac465f51edd79fcbe4e1b8f407cca8e5
	at java.base/jdk.internal.reflect.DirectConstructorHandleAccessor.newInstance(DirectConstructorHandleAccessor.java:67)
	at java.base/java.lang.reflect.Constructor.newInstanceWithCaller(Constructor.java:500)
	at java.base/java.lang.reflect.Constructor.newInstance(Constructor.java:484)
	at org.openqa.selenium.remote.codec.w3c.W3CHttpResponseCodec.createException(W3CHttpResponseCodec.java:200)
	at org.openqa.selenium.remote.codec.w3c.W3CHttpResponseCodec.decode(W3CHttpResponseCodec.java:133)
	at org.openqa.selenium.remote.codec.w3c.W3CHttpResponseCodec.decode(W3CHttpResponseCodec.java:53)
	at org.openqa.selenium.remote.HttpCommandExecutor.execute(HttpCommandExecutor.java:184)
	at org.openqa.selenium.remote.service.DriverCommandExecutor.invokeExecute(DriverCommandExecutor.java:167)
	at org.openqa.selenium.remote.service.DriverCommandExecutor.execute(DriverCommandExecutor.java:142)
	at org.openqa.selenium.remote.RemoteWebDriver.execute(RemoteWebDriver.java:541)
	at org.openqa.selenium.remote.ElementLocation$ElementFinder$2.findElement(ElementLocation.java:162)
	at org.openqa.selenium.remote.ElementLocation.findElement(ElementLocation.java:66)
	at org.openqa.selenium.remote.RemoteWebDriver.findElement(RemoteWebDriver.java:365)
	at org.openqa.selenium.remote.RemoteWebDriver.findElement(RemoteWebDriver.java:357)
	at org.example.pages.P01_register.displaymsg(P01_register.java:46)
	at org.example.stepDefs.D01_registerStepDef.successMessageIsDisplayed(D01_registerStepDef.java:69)
	at ✽.success message is displayed(file:///C:/Users/VISION/IdeaProjects/demo_nopcommerce/src/main/resources/features/F01_Registeration.feature:11)
</pre></div></td>
<td>18</td>
<td>org.example.runners.runners@1f3f4916</td></tr>
<tr>
<td title='org.example.runners.runners.runScenario()'><b>runScenario</b><br>Test class: org.example.runners.runners<br>Test method: Runs Cucumber Scenarios<br>Parameters: "user opens Rss link", "F07_followUs | users could open followUs links"</td>
<td><div><pre>java.lang.IndexOutOfBoundsException: Index 1 out of bounds for length 1
	at java.base/jdk.internal.util.Preconditions.outOfBounds(Preconditions.java:100)
	at java.base/jdk.internal.util.Preconditions.outOfBoundsCheckIndex(Preconditions.java:106)
	at java.base/jdk.internal.util.Preconditions.checkIndex(Preconditions.java:302)
	at java.base/java.util.Objects.checkIndex(Objects.java:385)
	at java.base/java.util.ArrayList.get(ArrayList.java:427)
	at org.example.stepDefs.D07_FollowUsStepDef.userClicksOnRssIcon(D07_FollowUsStepDef.java:43)
	at ✽.user clicks on Rss Icon(file:///C:/Users/VISION/IdeaProjects/demo_nopcommerce/src/main/resources/features/F07_FollowUs.feature:10)
</pre></div><a href='#' onClick='toggleBox("stack-trace202453803", this, "Click to show all stack frames", "Click to hide stack frames")'>Click to show all stack frames</a>
<div class='stack-trace' id='stack-trace202453803'><pre>java.lang.IndexOutOfBoundsException: Index 1 out of bounds for length 1
	at java.base/jdk.internal.util.Preconditions.outOfBounds(Preconditions.java:100)
	at java.base/jdk.internal.util.Preconditions.outOfBoundsCheckIndex(Preconditions.java:106)
	at java.base/jdk.internal.util.Preconditions.checkIndex(Preconditions.java:302)
	at java.base/java.util.Objects.checkIndex(Objects.java:385)
	at java.base/java.util.ArrayList.get(ArrayList.java:427)
	at org.example.stepDefs.D07_FollowUsStepDef.userClicksOnRssIcon(D07_FollowUsStepDef.java:43)
	at ✽.user clicks on Rss Icon(file:///C:/Users/VISION/IdeaProjects/demo_nopcommerce/src/main/resources/features/F07_FollowUs.feature:10)
</pre></div></td>
<td>4</td>
<td>org.example.runners.runners@1f3f4916</td></tr>
<tr>
<td title='org.example.runners.runners.runScenario()'><b>runScenario</b><br>Test class: org.example.runners.runners<br>Test method: Runs Cucumber Scenarios<br>Parameters: "user clicks on Second clickable slider iphone", "F06_HomeSliders | user could click on any clickable slider"</td>
<td><div><pre>java.lang.AssertionError: expected [https://demo.nopcommerce.com/iphone-6] but found [https://demo.nopcommerce.com/]
	at org.example.stepDefs.D06_homeSlidersStepDef.verifyThatUserHasNavigatedToIphonePage(D06_homeSlidersStepDef.java:34)
	at ✽.verify that user has navigated to iphone page(file:///C:/Users/VISION/IdeaProjects/demo_nopcommerce/src/main/resources/features/F06_homeSliders.feature:8)
... Removed 6 stack frames</pre></div><a href='#' onClick='toggleBox("stack-trace1210734791", this, "Click to show all stack frames", "Click to hide stack frames")'>Click to show all stack frames</a>
<div class='stack-trace' id='stack-trace1210734791'><pre>java.lang.AssertionError: expected [https://demo.nopcommerce.com/iphone-6] but found [https://demo.nopcommerce.com/]
	at org.testng.Assert.fail(Assert.java:110)
	at org.testng.Assert.failNotEquals(Assert.java:1413)
	at org.testng.Assert.assertEqualsImpl(Assert.java:149)
	at org.testng.Assert.assertEquals(Assert.java:131)
	at org.testng.Assert.assertEquals(Assert.java:655)
	at org.testng.Assert.assertEquals(Assert.java:665)
	at org.example.stepDefs.D06_homeSlidersStepDef.verifyThatUserHasNavigatedToIphonePage(D06_homeSlidersStepDef.java:34)
	at ✽.verify that user has navigated to iphone page(file:///C:/Users/VISION/IdeaProjects/demo_nopcommerce/src/main/resources/features/F06_homeSliders.feature:8)
</pre></div></td>
<td>8</td>
<td>org.example.runners.runners@1f3f4916</td></tr>
</table><p>
<table width='100%' border='1' class='invocation-passed'>
<tr><td colspan='4' align='center'><b>PASSED TESTS</b></td></tr>
<tr><td><b>Test method</b></td>
<td><b>Attribute(s)</b></td>
<td width="30%"><b>Exception</b></td>
<td width="10%"><b>Time (seconds)</b></td>
<td><b>Instance</b></td>
</tr>
<tr>
<td title='org.example.runners.runners.runScenario()'><b>runScenario</b><br>Test class: org.example.runners.runners<br>Test method: Runs Cucumber Scenarios<br>Parameters: "user could login with valid email and password", "F02_Login | users could use login functionality to use their accounts"</td>
<td></td>
<td>6</td>
<td>org.example.runners.runners@1f3f4916</td></tr>
<tr>
<td title='org.example.runners.runners.runScenario()'><b>runScenario</b><br>Test class: org.example.runners.runners<br>Test method: Runs Cucumber Scenarios<br>Parameters: "user could login with invalid email and password", "F02_Login | users could use login functionality to use their accounts"</td>
<td></td>
<td>6</td>
<td>org.example.runners.runners@1f3f4916</td></tr>
<tr>
<td title='org.example.runners.runners.runScenario()'><b>runScenario</b><br>Test class: org.example.runners.runners<br>Test method: Runs Cucumber Scenarios<br>Parameters: "user Hover Random Category", "F05_Hover Categories | user could hover any main category in Home Page"</td>
<td></td>
<td>5</td>
<td>org.example.runners.runners@1f3f4916</td></tr>
<tr>
<td title='org.example.runners.runners.runScenario()'><b>runScenario</b><br>Test class: org.example.runners.runners<br>Test method: Runs Cucumber Scenarios<br>Parameters: "user opens Twitter link", "F07_followUs | users could open followUs links"</td>
<td></td>
<td>5</td>
<td>org.example.runners.runners@1f3f4916</td></tr>
<tr>
<td title='org.example.runners.runners.runScenario()'><b>runScenario</b><br>Test class: org.example.runners.runners<br>Test method: Runs Cucumber Scenarios<br>Parameters: "user Add any product to wishlist", "F08_Wishlist | user add a product to wishlist"</td>
<td></td>
<td>4</td>
<td>org.example.runners.runners@1f3f4916</td></tr>
<tr>
<td title='org.example.runners.runners.runScenario()'><b>runScenario</b><br>Test class: org.example.runners.runners<br>Test method: Runs Cucumber Scenarios<br>Parameters: "user could search by product name", "F04_Search | User could search for any product"</td>
<td></td>
<td>6</td>
<td>org.example.runners.runners@1f3f4916</td></tr>
<tr>
<td title='org.example.runners.runners.runScenario()'><b>runScenario</b><br>Test class: org.example.runners.runners<br>Test method: Runs Cucumber Scenarios<br>Parameters: "user opens facebook link", "F07_followUs | users could open followUs links"</td>
<td></td>
<td>5</td>
<td>org.example.runners.runners@1f3f4916</td></tr>
<tr>
<td title='org.example.runners.runners.runScenario()'><b>runScenario</b><br>Test class: org.example.runners.runners<br>Test method: Runs Cucumber Scenarios<br>Parameters: "user could search by sku number", "F04_Search | User could search for any product"</td>
<td></td>
<td>7</td>
<td>org.example.runners.runners@1f3f4916</td></tr>
<tr>
<td title='org.example.runners.runners.runScenario()'><b>runScenario</b><br>Test class: org.example.runners.runners<br>Test method: Runs Cucumber Scenarios<br>Parameters: "user opens Youtube link", "F07_followUs | users could open followUs links"</td>
<td></td>
<td>8</td>
<td>org.example.runners.runners@1f3f4916</td></tr>
<tr>
<td title='org.example.runners.runners.runScenario()'><b>runScenario</b><br>Test class: org.example.runners.runners<br>Test method: Runs Cucumber Scenarios<br>Parameters: "user could switch to Euro Currency", "F03_currencies | user could select different currencies"</td>
<td></td>
<td>6</td>
<td>org.example.runners.runners@1f3f4916</td></tr>
<tr>
<td title='org.example.runners.runners.runScenario()'><b>runScenario</b><br>Test class: org.example.runners.runners<br>Test method: Runs Cucumber Scenarios<br>Parameters: "user Add Same product to wishlist", "F08_Wishlist | user add a product to wishlist"</td>
<td></td>
<td>9</td>
<td>org.example.runners.runners@1f3f4916</td></tr>
</table><p>
</body>
</html>